[0.703s] Invoking command in '/home/othmene/Line_Follower_Bot/build/linefollower_bringup': CMAKE_PREFIX_PATH=${CMAKE_PREFIX_PATH}:/home/othmene/ros2_ws_course3/install/assignment:/home/othmene/ros2_ws_course3/install/actions_py:/home/othmene/ros2_ws_course3/install/lifecycle_py:/home/othmene/ros2_ws_course3/install/executors_py:/home/othmene/ros2_ws_course3/install/components_py:/home/othmene/ros2_ws/install/my_py_pkg:/opt/ros/humble /usr/bin/cmake /home/othmene/Line_Follower_Bot/src/linefollower_bringup -DCMAKE_INSTALL_PREFIX=/home/othmene/Line_Follower_Bot/install/linefollower_bringup
[0.826s] -- The C compiler identification is GNU 11.4.0
[0.936s] -- The CXX compiler identification is GNU 11.4.0
[0.949s] -- Detecting C compiler ABI info
[1.113s] -- Detecting C compiler ABI info - done
[1.134s] -- Check for working C compiler: /usr/bin/cc - skipped
[1.134s] -- Detecting C compile features
[1.134s] -- Detecting C compile features - done
[1.135s] -- Detecting CXX compiler ABI info
[1.332s] -- Detecting CXX compiler ABI info - done
[1.352s] -- Check for working CXX compiler: /usr/bin/c++ - skipped
[1.353s] -- Detecting CXX compile features
[1.354s] -- Detecting CXX compile features - done
[1.365s] -- Found ament_cmake: 1.3.7 (/opt/ros/humble/share/ament_cmake/cmake)
[1.777s] -- Found Python3: /usr/bin/python3.10 (found version "3.10.12") found components: Interpreter 
[2.258s] -- Configuring done
[2.260s] -- Generating done
[2.261s] -- Build files have been written to: /home/othmene/Line_Follower_Bot/build/linefollower_bringup
[2.269s] Invoked command in '/home/othmene/Line_Follower_Bot/build/linefollower_bringup' returned '0': CMAKE_PREFIX_PATH=${CMAKE_PREFIX_PATH}:/home/othmene/ros2_ws_course3/install/assignment:/home/othmene/ros2_ws_course3/install/actions_py:/home/othmene/ros2_ws_course3/install/lifecycle_py:/home/othmene/ros2_ws_course3/install/executors_py:/home/othmene/ros2_ws_course3/install/components_py:/home/othmene/ros2_ws/install/my_py_pkg:/opt/ros/humble /usr/bin/cmake /home/othmene/Line_Follower_Bot/src/linefollower_bringup -DCMAKE_INSTALL_PREFIX=/home/othmene/Line_Follower_Bot/install/linefollower_bringup
[2.274s] Invoking command in '/home/othmene/Line_Follower_Bot/build/linefollower_bringup': CMAKE_PREFIX_PATH=${CMAKE_PREFIX_PATH}:/home/othmene/ros2_ws_course3/install/assignment:/home/othmene/ros2_ws_course3/install/actions_py:/home/othmene/ros2_ws_course3/install/lifecycle_py:/home/othmene/ros2_ws_course3/install/executors_py:/home/othmene/ros2_ws_course3/install/components_py:/home/othmene/ros2_ws/install/my_py_pkg:/opt/ros/humble /usr/bin/cmake --build /home/othmene/Line_Follower_Bot/build/linefollower_bringup -- -j4 -l4
[2.358s] Invoked command in '/home/othmene/Line_Follower_Bot/build/linefollower_bringup' returned '0': CMAKE_PREFIX_PATH=${CMAKE_PREFIX_PATH}:/home/othmene/ros2_ws_course3/install/assignment:/home/othmene/ros2_ws_course3/install/actions_py:/home/othmene/ros2_ws_course3/install/lifecycle_py:/home/othmene/ros2_ws_course3/install/executors_py:/home/othmene/ros2_ws_course3/install/components_py:/home/othmene/ros2_ws/install/my_py_pkg:/opt/ros/humble /usr/bin/cmake --build /home/othmene/Line_Follower_Bot/build/linefollower_bringup -- -j4 -l4
[2.443s] Invoking command in '/home/othmene/Line_Follower_Bot/build/linefollower_bringup': CMAKE_PREFIX_PATH=${CMAKE_PREFIX_PATH}:/home/othmene/ros2_ws_course3/install/assignment:/home/othmene/ros2_ws_course3/install/actions_py:/home/othmene/ros2_ws_course3/install/lifecycle_py:/home/othmene/ros2_ws_course3/install/executors_py:/home/othmene/ros2_ws_course3/install/components_py:/home/othmene/ros2_ws/install/my_py_pkg:/opt/ros/humble /usr/bin/cmake --install /home/othmene/Line_Follower_Bot/build/linefollower_bringup
[2.461s] -- Install configuration: ""
[2.462s] -- Up-to-date: /home/othmene/Line_Follower_Bot/install/linefollower_bringup/share/linefollower_bringup//launch
[2.462s] -- Up-to-date: /home/othmene/Line_Follower_Bot/install/linefollower_bringup/share/linefollower_bringup//rviz
[2.463s] -- Up-to-date: /home/othmene/Line_Follower_Bot/install/linefollower_bringup/share/linefollower_bringup//worlds
[2.463s] -- Installing: /home/othmene/Line_Follower_Bot/install/linefollower_bringup/share/ament_index/resource_index/package_run_dependencies/linefollower_bringup
[2.464s] -- Installing: /home/othmene/Line_Follower_Bot/install/linefollower_bringup/share/ament_index/resource_index/parent_prefix_path/linefollower_bringup
[2.464s] -- Up-to-date: /home/othmene/Line_Follower_Bot/install/linefollower_bringup/share/linefollower_bringup/environment/ament_prefix_path.sh
[2.464s] -- Installing: /home/othmene/Line_Follower_Bot/install/linefollower_bringup/share/linefollower_bringup/environment/ament_prefix_path.dsv
[2.465s] -- Up-to-date: /home/othmene/Line_Follower_Bot/install/linefollower_bringup/share/linefollower_bringup/environment/path.sh
[2.465s] -- Installing: /home/othmene/Line_Follower_Bot/install/linefollower_bringup/share/linefollower_bringup/environment/path.dsv
[2.470s] -- Installing: /home/othmene/Line_Follower_Bot/install/linefollower_bringup/share/linefollower_bringup/local_setup.bash
[2.471s] -- Installing: /home/othmene/Line_Follower_Bot/install/linefollower_bringup/share/linefollower_bringup/local_setup.sh
[2.471s] -- Installing: /home/othmene/Line_Follower_Bot/install/linefollower_bringup/share/linefollower_bringup/local_setup.zsh
[2.471s] -- Installing: /home/othmene/Line_Follower_Bot/install/linefollower_bringup/share/linefollower_bringup/local_setup.dsv
[2.472s] -- Installing: /home/othmene/Line_Follower_Bot/install/linefollower_bringup/share/linefollower_bringup/package.dsv
[2.472s] -- Installing: /home/othmene/Line_Follower_Bot/install/linefollower_bringup/share/ament_index/resource_index/packages/linefollower_bringup
[2.472s] -- Installing: /home/othmene/Line_Follower_Bot/install/linefollower_bringup/share/linefollower_bringup/cmake/linefollower_bringupConfig.cmake
[2.472s] -- Installing: /home/othmene/Line_Follower_Bot/install/linefollower_bringup/share/linefollower_bringup/cmake/linefollower_bringupConfig-version.cmake
[2.473s] -- Installing: /home/othmene/Line_Follower_Bot/install/linefollower_bringup/share/linefollower_bringup/package.xml
[2.596s] Invoked command in '/home/othmene/Line_Follower_Bot/build/linefollower_bringup' returned '0': CMAKE_PREFIX_PATH=${CMAKE_PREFIX_PATH}:/home/othmene/ros2_ws_course3/install/assignment:/home/othmene/ros2_ws_course3/install/actions_py:/home/othmene/ros2_ws_course3/install/lifecycle_py:/home/othmene/ros2_ws_course3/install/executors_py:/home/othmene/ros2_ws_course3/install/components_py:/home/othmene/ros2_ws/install/my_py_pkg:/opt/ros/humble /usr/bin/cmake --install /home/othmene/Line_Follower_Bot/build/linefollower_bringup
