[1.953s] Invoking command in '/home/othmene/Line_Follower_Bot/src/linefollower_nodes': PYTHONPATH=/home/othmene/Line_Follower_Bot/build/linefollower_nodes/prefix_override:/home/othmene/Line_Follower_Bot/install/linefollower_nodes/lib/python3.10/site-packages:${PYTHONPATH} /usr/bin/python3 setup.py egg_info --egg-base ../../build/linefollower_nodes build --build-base /home/othmene/Line_Follower_Bot/build/linefollower_nodes/build install --record /home/othmene/Line_Follower_Bot/build/linefollower_nodes/install.log --single-version-externally-managed
[2.350s] running egg_info
[2.351s] writing ../../build/linefollower_nodes/linefollower_nodes.egg-info/PKG-INFO
[2.351s] writing dependency_links to ../../build/linefollower_nodes/linefollower_nodes.egg-info/dependency_links.txt
[2.352s] writing entry points to ../../build/linefollower_nodes/linefollower_nodes.egg-info/entry_points.txt
[2.352s] writing requirements to ../../build/linefollower_nodes/linefollower_nodes.egg-info/requires.txt
[2.352s] writing top-level names to ../../build/linefollower_nodes/linefollower_nodes.egg-info/top_level.txt
[2.355s] reading manifest file '../../build/linefollower_nodes/linefollower_nodes.egg-info/SOURCES.txt'
[2.356s] writing manifest file '../../build/linefollower_nodes/linefollower_nodes.egg-info/SOURCES.txt'
[2.357s] running build
[2.357s] running build_py
[2.357s] running install
[2.357s] running install_lib
[2.359s] running install_data
[2.360s] running install_egg_info
[2.362s] removing '/home/othmene/Line_Follower_Bot/install/linefollower_nodes/lib/python3.10/site-packages/linefollower_nodes-0.0.0-py3.10.egg-info' (and everything under it)
[2.363s] Copying ../../build/linefollower_nodes/linefollower_nodes.egg-info to /home/othmene/Line_Follower_Bot/install/linefollower_nodes/lib/python3.10/site-packages/linefollower_nodes-0.0.0-py3.10.egg-info
[2.364s] running install_scripts
[2.400s] writing list of installed files to '/home/othmene/Line_Follower_Bot/build/linefollower_nodes/install.log'
[2.451s] Invoked command in '/home/othmene/Line_Follower_Bot/src/linefollower_nodes' returned '0': PYTHONPATH=/home/othmene/Line_Follower_Bot/build/linefollower_nodes/prefix_override:/home/othmene/Line_Follower_Bot/install/linefollower_nodes/lib/python3.10/site-packages:${PYTHONPATH} /usr/bin/python3 setup.py egg_info --egg-base ../../build/linefollower_nodes build --build-base /home/othmene/Line_Follower_Bot/build/linefollower_nodes/build install --record /home/othmene/Line_Follower_Bot/build/linefollower_nodes/install.log --single-version-externally-managed
