[0.540s] Invoking command in '/home/othmene/Line_Follower_Bot/build/linefollower_description': CMAKE_PREFIX_PATH=${CMAKE_PREFIX_PATH}:/home/othmene/ros2_ws_course3/install/assignment:/home/othmene/ros2_ws_course3/install/actions_py:/home/othmene/ros2_ws_course3/install/lifecycle_py:/home/othmene/ros2_ws_course3/install/executors_py:/home/othmene/ros2_ws_course3/install/components_py:/home/othmene/ros2_ws/install/my_py_pkg:/opt/ros/humble /usr/bin/cmake --build /home/othmene/Line_Follower_Bot/build/linefollower_description -- -j4 -l4
[1.405s] Invoked command in '/home/othmene/Line_Follower_Bot/build/linefollower_description' returned '0': CMAKE_PREFIX_PATH=${CMAKE_PREFIX_PATH}:/home/othmene/ros2_ws_course3/install/assignment:/home/othmene/ros2_ws_course3/install/actions_py:/home/othmene/ros2_ws_course3/install/lifecycle_py:/home/othmene/ros2_ws_course3/install/executors_py:/home/othmene/ros2_ws_course3/install/components_py:/home/othmene/ros2_ws/install/my_py_pkg:/opt/ros/humble /usr/bin/cmake --build /home/othmene/Line_Follower_Bot/build/linefollower_description -- -j4 -l4
[1.478s] Invoking command in '/home/othmene/Line_Follower_Bot/build/linefollower_description': CMAKE_PREFIX_PATH=${CMAKE_PREFIX_PATH}:/home/othmene/ros2_ws_course3/install/assignment:/home/othmene/ros2_ws_course3/install/actions_py:/home/othmene/ros2_ws_course3/install/lifecycle_py:/home/othmene/ros2_ws_course3/install/executors_py:/home/othmene/ros2_ws_course3/install/components_py:/home/othmene/ros2_ws/install/my_py_pkg:/opt/ros/humble /usr/bin/cmake --install /home/othmene/Line_Follower_Bot/build/linefollower_description
[1.501s] -- Install configuration: ""
[1.501s] -- Up-to-date: /home/othmene/Line_Follower_Bot/install/linefollower_description/share/linefollower_description//urdf
[1.502s] -- Up-to-date: /home/othmene/Line_Follower_Bot/install/linefollower_description/share/linefollower_description//launch
[1.502s] -- Up-to-date: /home/othmene/Line_Follower_Bot/install/linefollower_description/share/linefollower_description//rviz
[1.502s] -- Up-to-date: /home/othmene/Line_Follower_Bot/install/linefollower_description/share/ament_index/resource_index/package_run_dependencies/linefollower_description
[1.503s] -- Up-to-date: /home/othmene/Line_Follower_Bot/install/linefollower_description/share/ament_index/resource_index/parent_prefix_path/linefollower_description
[1.503s] -- Up-to-date: /home/othmene/Line_Follower_Bot/install/linefollower_description/share/linefollower_description/environment/ament_prefix_path.sh
[1.503s] -- Up-to-date: /home/othmene/Line_Follower_Bot/install/linefollower_description/share/linefollower_description/environment/ament_prefix_path.dsv
[1.504s] -- Up-to-date: /home/othmene/Line_Follower_Bot/install/linefollower_description/share/linefollower_description/environment/path.sh
[1.504s] -- Up-to-date: /home/othmene/Line_Follower_Bot/install/linefollower_description/share/linefollower_description/environment/path.dsv
[1.505s] -- Up-to-date: /home/othmene/Line_Follower_Bot/install/linefollower_description/share/linefollower_description/local_setup.bash
[1.506s] -- Up-to-date: /home/othmene/Line_Follower_Bot/install/linefollower_description/share/linefollower_description/local_setup.sh
[1.506s] -- Up-to-date: /home/othmene/Line_Follower_Bot/install/linefollower_description/share/linefollower_description/local_setup.zsh
[1.506s] -- Up-to-date: /home/othmene/Line_Follower_Bot/install/linefollower_description/share/linefollower_description/local_setup.dsv
[1.507s] -- Up-to-date: /home/othmene/Line_Follower_Bot/install/linefollower_description/share/linefollower_description/package.dsv
[1.507s] -- Up-to-date: /home/othmene/Line_Follower_Bot/install/linefollower_description/share/ament_index/resource_index/packages/linefollower_description
[1.507s] -- Up-to-date: /home/othmene/Line_Follower_Bot/install/linefollower_description/share/linefollower_description/cmake/linefollower_descriptionConfig.cmake
[1.507s] -- Up-to-date: /home/othmene/Line_Follower_Bot/install/linefollower_description/share/linefollower_description/cmake/linefollower_descriptionConfig-version.cmake
[1.507s] -- Up-to-date: /home/othmene/Line_Follower_Bot/install/linefollower_description/share/linefollower_description/package.xml
[1.518s] Invoked command in '/home/othmene/Line_Follower_Bot/build/linefollower_description' returned '0': CMAKE_PREFIX_PATH=${CMAKE_PREFIX_PATH}:/home/othmene/ros2_ws_course3/install/assignment:/home/othmene/ros2_ws_course3/install/actions_py:/home/othmene/ros2_ws_course3/install/lifecycle_py:/home/othmene/ros2_ws_course3/install/executors_py:/home/othmene/ros2_ws_course3/install/components_py:/home/othmene/ros2_ws/install/my_py_pkg:/opt/ros/humble /usr/bin/cmake --install /home/othmene/Line_Follower_Bot/build/linefollower_description
