[2.258s] DEBUG:colcon:Command line arguments: ['/usr/bin/colcon', 'build']
[2.258s] DEBUG:colcon:Parsed command line arguments: Namespace(log_base=None, log_level=None, verb_name='build', build_base='build', install_base='install', merge_install=False, symlink_install=False, test_result_base=None, continue_on_error=False, executor='parallel', parallel_workers=4, event_handlers=None, ignore_user_meta=False, metas=['./colcon.meta'], base_paths=['.'], packages_ignore=None, packages_ignore_regex=None, paths=None, packages_up_to=None, packages_up_to_regex=None, packages_above=None, packages_above_and_dependencies=None, packages_above_depth=None, packages_select_by_dep=None, packages_skip_by_dep=None, packages_skip_up_to=None, packages_select_build_failed=False, packages_skip_build_finished=False, packages_select_test_failures=False, packages_skip_test_passed=False, packages_select=None, packages_skip=None, packages_select_regex=None, packages_skip_regex=None, packages_start=None, packages_end=None, allow_overriding=[], cmake_args=None, cmake_target=None, cmake_target_skip_unavailable=False, cmake_clean_cache=False, cmake_clean_first=False, cmake_force_configure=False, ament_cmake_args=None, catkin_cmake_args=None, catkin_skip_building_tests=False, verb_parser=<colcon_defaults.argument_parser.defaults.DefaultArgumentsDecorator object at 0x7f43c1ef4820>, verb_extension=<colcon_core.verb.build.BuildVerb object at 0x7f43c1ef5960>, main=<bound method BuildVerb.main of <colcon_core.verb.build.BuildVerb object at 0x7f43c1ef5960>>)
[2.391s] Level 1:colcon.colcon_core.package_discovery:discover_packages(colcon_meta) check parameters
[2.391s] Level 1:colcon.colcon_core.package_discovery:discover_packages(recursive) check parameters
[2.391s] Level 1:colcon.colcon_core.package_discovery:discover_packages(ignore) check parameters
[2.391s] Level 1:colcon.colcon_core.package_discovery:discover_packages(path) check parameters
[2.391s] Level 1:colcon.colcon_core.package_discovery:discover_packages(colcon_meta) discover
[2.391s] Level 1:colcon.colcon_core.package_discovery:discover_packages(recursive) discover
[2.391s] INFO:colcon.colcon_core.package_discovery:Crawling recursively for packages in '/home/othmene/Line_Follower_Bot'
[2.391s] Level 1:colcon.colcon_core.package_identification:_identify(.) by extensions ['ignore', 'ignore_ament_install']
[2.391s] Level 1:colcon.colcon_core.package_identification:_identify(.) by extension 'ignore'
[2.392s] Level 1:colcon.colcon_core.package_identification:_identify(.) by extension 'ignore_ament_install'
[2.392s] Level 1:colcon.colcon_core.package_identification:_identify(.) by extensions ['colcon_pkg']
[2.392s] Level 1:colcon.colcon_core.package_identification:_identify(.) by extension 'colcon_pkg'
[2.392s] Level 1:colcon.colcon_core.package_identification:_identify(.) by extensions ['colcon_meta']
[2.392s] Level 1:colcon.colcon_core.package_identification:_identify(.) by extension 'colcon_meta'
[2.392s] Level 1:colcon.colcon_core.package_identification:_identify(.) by extensions ['ros']
[2.392s] Level 1:colcon.colcon_core.package_identification:_identify(.) by extension 'ros'
[2.419s] Level 1:colcon.colcon_core.package_identification:_identify(.) by extensions ['cmake', 'python']
[2.419s] Level 1:colcon.colcon_core.package_identification:_identify(.) by extension 'cmake'
[2.419s] Level 1:colcon.colcon_core.package_identification:_identify(.) by extension 'python'
[2.419s] Level 1:colcon.colcon_core.package_identification:_identify(.) by extensions ['python_setup_py']
[2.419s] Level 1:colcon.colcon_core.package_identification:_identify(.) by extension 'python_setup_py'
[2.419s] Level 1:colcon.colcon_core.package_identification:_identify(build) by extensions ['ignore', 'ignore_ament_install']
[2.420s] Level 1:colcon.colcon_core.package_identification:_identify(build) by extension 'ignore'
[2.420s] Level 1:colcon.colcon_core.package_identification:_identify(build) ignored
[2.420s] Level 1:colcon.colcon_core.package_identification:_identify(install) by extensions ['ignore', 'ignore_ament_install']
[2.420s] Level 1:colcon.colcon_core.package_identification:_identify(install) by extension 'ignore'
[2.420s] Level 1:colcon.colcon_core.package_identification:_identify(install) ignored
[2.421s] Level 1:colcon.colcon_core.package_identification:_identify(log) by extensions ['ignore', 'ignore_ament_install']
[2.421s] Level 1:colcon.colcon_core.package_identification:_identify(log) by extension 'ignore'
[2.421s] Level 1:colcon.colcon_core.package_identification:_identify(log) ignored
[2.421s] Level 1:colcon.colcon_core.package_identification:_identify(src) by extensions ['ignore', 'ignore_ament_install']
[2.421s] Level 1:colcon.colcon_core.package_identification:_identify(src) by extension 'ignore'
[2.421s] Level 1:colcon.colcon_core.package_identification:_identify(src) by extension 'ignore_ament_install'
[2.421s] Level 1:colcon.colcon_core.package_identification:_identify(src) by extensions ['colcon_pkg']
[2.421s] Level 1:colcon.colcon_core.package_identification:_identify(src) by extension 'colcon_pkg'
[2.421s] Level 1:colcon.colcon_core.package_identification:_identify(src) by extensions ['colcon_meta']
[2.421s] Level 1:colcon.colcon_core.package_identification:_identify(src) by extension 'colcon_meta'
[2.421s] Level 1:colcon.colcon_core.package_identification:_identify(src) by extensions ['ros']
[2.421s] Level 1:colcon.colcon_core.package_identification:_identify(src) by extension 'ros'
[2.422s] Level 1:colcon.colcon_core.package_identification:_identify(src) by extensions ['cmake', 'python']
[2.422s] Level 1:colcon.colcon_core.package_identification:_identify(src) by extension 'cmake'
[2.422s] Level 1:colcon.colcon_core.package_identification:_identify(src) by extension 'python'
[2.422s] Level 1:colcon.colcon_core.package_identification:_identify(src) by extensions ['python_setup_py']
[2.422s] Level 1:colcon.colcon_core.package_identification:_identify(src) by extension 'python_setup_py'
[2.422s] Level 1:colcon.colcon_core.package_identification:_identify(src/linefollower_bringup) by extensions ['ignore', 'ignore_ament_install']
[2.422s] Level 1:colcon.colcon_core.package_identification:_identify(src/linefollower_bringup) by extension 'ignore'
[2.422s] Level 1:colcon.colcon_core.package_identification:_identify(src/linefollower_bringup) by extension 'ignore_ament_install'
[2.422s] Level 1:colcon.colcon_core.package_identification:_identify(src/linefollower_bringup) by extensions ['colcon_pkg']
[2.422s] Level 1:colcon.colcon_core.package_identification:_identify(src/linefollower_bringup) by extension 'colcon_pkg'
[2.422s] Level 1:colcon.colcon_core.package_identification:_identify(src/linefollower_bringup) by extensions ['colcon_meta']
[2.423s] Level 1:colcon.colcon_core.package_identification:_identify(src/linefollower_bringup) by extension 'colcon_meta'
[2.423s] Level 1:colcon.colcon_core.package_identification:_identify(src/linefollower_bringup) by extensions ['ros']
[2.423s] Level 1:colcon.colcon_core.package_identification:_identify(src/linefollower_bringup) by extension 'ros'
[2.428s] DEBUG:colcon.colcon_core.package_identification:Package 'src/linefollower_bringup' with type 'ros.ament_cmake' and name 'LineFollower_bringup'
[2.429s] Level 1:colcon.colcon_core.package_identification:_identify(src/linefollower_description) by extensions ['ignore', 'ignore_ament_install']
[2.429s] Level 1:colcon.colcon_core.package_identification:_identify(src/linefollower_description) by extension 'ignore'
[2.429s] Level 1:colcon.colcon_core.package_identification:_identify(src/linefollower_description) by extension 'ignore_ament_install'
[2.429s] Level 1:colcon.colcon_core.package_identification:_identify(src/linefollower_description) by extensions ['colcon_pkg']
[2.429s] Level 1:colcon.colcon_core.package_identification:_identify(src/linefollower_description) by extension 'colcon_pkg'
[2.429s] Level 1:colcon.colcon_core.package_identification:_identify(src/linefollower_description) by extensions ['colcon_meta']
[2.429s] Level 1:colcon.colcon_core.package_identification:_identify(src/linefollower_description) by extension 'colcon_meta'
[2.429s] Level 1:colcon.colcon_core.package_identification:_identify(src/linefollower_description) by extensions ['ros']
[2.429s] Level 1:colcon.colcon_core.package_identification:_identify(src/linefollower_description) by extension 'ros'
[2.431s] DEBUG:colcon.colcon_core.package_identification:Package 'src/linefollower_description' with type 'ros.ament_cmake' and name 'LineFollower_description'
[2.431s] Level 1:colcon.colcon_core.package_identification:_identify(src/linefollower_nodes) by extensions ['ignore', 'ignore_ament_install']
[2.431s] Level 1:colcon.colcon_core.package_identification:_identify(src/linefollower_nodes) by extension 'ignore'
[2.431s] Level 1:colcon.colcon_core.package_identification:_identify(src/linefollower_nodes) by extension 'ignore_ament_install'
[2.431s] Level 1:colcon.colcon_core.package_identification:_identify(src/linefollower_nodes) by extensions ['colcon_pkg']
[2.431s] Level 1:colcon.colcon_core.package_identification:_identify(src/linefollower_nodes) by extension 'colcon_pkg'
[2.431s] Level 1:colcon.colcon_core.package_identification:_identify(src/linefollower_nodes) by extensions ['colcon_meta']
[2.431s] Level 1:colcon.colcon_core.package_identification:_identify(src/linefollower_nodes) by extension 'colcon_meta'
[2.431s] Level 1:colcon.colcon_core.package_identification:_identify(src/linefollower_nodes) by extensions ['ros']
[2.431s] Level 1:colcon.colcon_core.package_identification:_identify(src/linefollower_nodes) by extension 'ros'
[2.433s] DEBUG:colcon.colcon_core.package_identification:Package 'src/linefollower_nodes' with type 'ros.ament_python' and name 'LineFollower_nodes'
[2.433s] Level 1:colcon.colcon_core.package_discovery:discover_packages(recursive) using defaults
[2.433s] Level 1:colcon.colcon_core.package_discovery:discover_packages(ignore) discover
[2.433s] Level 1:colcon.colcon_core.package_discovery:discover_packages(ignore) using defaults
[2.433s] Level 1:colcon.colcon_core.package_discovery:discover_packages(path) discover
[2.433s] Level 1:colcon.colcon_core.package_discovery:discover_packages(path) using defaults
[2.631s] Level 1:colcon.colcon_core.package_discovery:discover_packages(prefix_path) check parameters
[2.631s] Level 1:colcon.colcon_core.package_discovery:discover_packages(prefix_path) discover
[2.716s] DEBUG:colcon.colcon_installed_package_information.package_discovery:Found 0 installed packages in /home/othmene/Line_Follower_Bot/install
[2.754s] DEBUG:colcon.colcon_installed_package_information.package_discovery:Found 2 installed packages in /home/othmene/Object_Detection_YOLOv8/install
[2.780s] DEBUG:colcon.colcon_installed_package_information.package_discovery:Found 11 installed packages in /home/othmene/ros2_ws_course3/install
[2.828s] DEBUG:colcon.colcon_installed_package_information.package_discovery:Found 2 installed packages in /home/othmene/ros2_ws_course2/install
[2.852s] DEBUG:colcon.colcon_installed_package_information.package_discovery:Found 4 installed packages in /home/othmene/ros2_ws/install
[2.882s] DEBUG:colcon.colcon_installed_package_information.package_discovery:Found 328 installed packages in /opt/ros/humble
[2.884s] Level 1:colcon.colcon_core.package_discovery:discover_packages(prefix_path) using defaults
[3.070s] Level 5:colcon.colcon_core.verb:set package 'LineFollower_bringup' build argument 'cmake_args' from command line to 'None'
[3.070s] Level 5:colcon.colcon_core.verb:set package 'LineFollower_bringup' build argument 'cmake_target' from command line to 'None'
[3.070s] Level 5:colcon.colcon_core.verb:set package 'LineFollower_bringup' build argument 'cmake_target_skip_unavailable' from command line to 'False'
[3.071s] Level 5:colcon.colcon_core.verb:set package 'LineFollower_bringup' build argument 'cmake_clean_cache' from command line to 'False'
[3.071s] Level 5:colcon.colcon_core.verb:set package 'LineFollower_bringup' build argument 'cmake_clean_first' from command line to 'False'
[3.071s] Level 5:colcon.colcon_core.verb:set package 'LineFollower_bringup' build argument 'cmake_force_configure' from command line to 'False'
[3.071s] Level 5:colcon.colcon_core.verb:set package 'LineFollower_bringup' build argument 'ament_cmake_args' from command line to 'None'
[3.071s] Level 5:colcon.colcon_core.verb:set package 'LineFollower_bringup' build argument 'catkin_cmake_args' from command line to 'None'
[3.071s] Level 5:colcon.colcon_core.verb:set package 'LineFollower_bringup' build argument 'catkin_skip_building_tests' from command line to 'False'
[3.071s] DEBUG:colcon.colcon_core.verb:Building package 'LineFollower_bringup' with the following arguments: {'ament_cmake_args': None, 'build_base': '/home/othmene/Line_Follower_Bot/build/LineFollower_bringup', 'catkin_cmake_args': None, 'catkin_skip_building_tests': False, 'cmake_args': None, 'cmake_clean_cache': False, 'cmake_clean_first': False, 'cmake_force_configure': False, 'cmake_target': None, 'cmake_target_skip_unavailable': False, 'install_base': '/home/othmene/Line_Follower_Bot/install/LineFollower_bringup', 'merge_install': False, 'path': '/home/othmene/Line_Follower_Bot/src/linefollower_bringup', 'symlink_install': False, 'test_result_base': None}
[3.102s] Level 5:colcon.colcon_core.verb:set package 'LineFollower_description' build argument 'cmake_args' from command line to 'None'
[3.102s] Level 5:colcon.colcon_core.verb:set package 'LineFollower_description' build argument 'cmake_target' from command line to 'None'
[3.102s] Level 5:colcon.colcon_core.verb:set package 'LineFollower_description' build argument 'cmake_target_skip_unavailable' from command line to 'False'
[3.102s] Level 5:colcon.colcon_core.verb:set package 'LineFollower_description' build argument 'cmake_clean_cache' from command line to 'False'
[3.102s] Level 5:colcon.colcon_core.verb:set package 'LineFollower_description' build argument 'cmake_clean_first' from command line to 'False'
[3.102s] Level 5:colcon.colcon_core.verb:set package 'LineFollower_description' build argument 'cmake_force_configure' from command line to 'False'
[3.102s] Level 5:colcon.colcon_core.verb:set package 'LineFollower_description' build argument 'ament_cmake_args' from command line to 'None'
[3.102s] Level 5:colcon.colcon_core.verb:set package 'LineFollower_description' build argument 'catkin_cmake_args' from command line to 'None'
[3.102s] Level 5:colcon.colcon_core.verb:set package 'LineFollower_description' build argument 'catkin_skip_building_tests' from command line to 'False'
[3.102s] DEBUG:colcon.colcon_core.verb:Building package 'LineFollower_description' with the following arguments: {'ament_cmake_args': None, 'build_base': '/home/othmene/Line_Follower_Bot/build/LineFollower_description', 'catkin_cmake_args': None, 'catkin_skip_building_tests': False, 'cmake_args': None, 'cmake_clean_cache': False, 'cmake_clean_first': False, 'cmake_force_configure': False, 'cmake_target': None, 'cmake_target_skip_unavailable': False, 'install_base': '/home/othmene/Line_Follower_Bot/install/LineFollower_description', 'merge_install': False, 'path': '/home/othmene/Line_Follower_Bot/src/linefollower_description', 'symlink_install': False, 'test_result_base': None}
[3.129s] Level 5:colcon.colcon_core.verb:set package 'LineFollower_nodes' build argument 'cmake_args' from command line to 'None'
[3.129s] Level 5:colcon.colcon_core.verb:set package 'LineFollower_nodes' build argument 'cmake_target' from command line to 'None'
[3.129s] Level 5:colcon.colcon_core.verb:set package 'LineFollower_nodes' build argument 'cmake_target_skip_unavailable' from command line to 'False'
[3.129s] Level 5:colcon.colcon_core.verb:set package 'LineFollower_nodes' build argument 'cmake_clean_cache' from command line to 'False'
[3.129s] Level 5:colcon.colcon_core.verb:set package 'LineFollower_nodes' build argument 'cmake_clean_first' from command line to 'False'
[3.129s] Level 5:colcon.colcon_core.verb:set package 'LineFollower_nodes' build argument 'cmake_force_configure' from command line to 'False'
[3.129s] Level 5:colcon.colcon_core.verb:set package 'LineFollower_nodes' build argument 'ament_cmake_args' from command line to 'None'
[3.129s] Level 5:colcon.colcon_core.verb:set package 'LineFollower_nodes' build argument 'catkin_cmake_args' from command line to 'None'
[3.129s] Level 5:colcon.colcon_core.verb:set package 'LineFollower_nodes' build argument 'catkin_skip_building_tests' from command line to 'False'
[3.129s] DEBUG:colcon.colcon_core.verb:Building package 'LineFollower_nodes' with the following arguments: {'ament_cmake_args': None, 'build_base': '/home/othmene/Line_Follower_Bot/build/LineFollower_nodes', 'catkin_cmake_args': None, 'catkin_skip_building_tests': False, 'cmake_args': None, 'cmake_clean_cache': False, 'cmake_clean_first': False, 'cmake_force_configure': False, 'cmake_target': None, 'cmake_target_skip_unavailable': False, 'install_base': '/home/othmene/Line_Follower_Bot/install/LineFollower_nodes', 'merge_install': False, 'path': '/home/othmene/Line_Follower_Bot/src/linefollower_nodes', 'symlink_install': False, 'test_result_base': None}
[3.149s] INFO:colcon.colcon_core.executor:Executing jobs using 'parallel' executor
[3.171s] DEBUG:colcon.colcon_parallel_executor.executor.parallel:run_until_complete
[3.171s] INFO:colcon.colcon_ros.task.ament_cmake.build:Building ROS package in '/home/othmene/Line_Follower_Bot/src/linefollower_bringup' with build type 'ament_cmake'
[3.172s] INFO:colcon.colcon_cmake.task.cmake.build:Building CMake package in '/home/othmene/Line_Follower_Bot/src/linefollower_bringup'
[3.217s] INFO:colcon.colcon_core.plugin_system:Skipping extension 'colcon_core.shell.bat': Not used on non-Windows systems
[3.217s] INFO:colcon.colcon_core.shell:Skip shell extension 'powershell' for command environment: Not usable outside of PowerShell
[3.217s] DEBUG:colcon.colcon_core.shell:Skip shell extension 'dsv' for command environment
[3.401s] INFO:colcon.colcon_ros.task.ament_cmake.build:Building ROS package in '/home/othmene/Line_Follower_Bot/src/linefollower_description' with build type 'ament_cmake'
[3.401s] INFO:colcon.colcon_cmake.task.cmake.build:Building CMake package in '/home/othmene/Line_Follower_Bot/src/linefollower_description'
[3.429s] INFO:colcon.colcon_core.shell:Skip shell extension 'powershell' for command environment: Not usable outside of PowerShell
[3.429s] DEBUG:colcon.colcon_core.shell:Skip shell extension 'dsv' for command environment
[3.626s] INFO:colcon.colcon_ros.task.ament_python.build:Building ROS package in '/home/othmene/Line_Follower_Bot/src/linefollower_nodes' with build type 'ament_python'
[3.626s] Level 1:colcon.colcon_core.shell:create_environment_hook('LineFollower_nodes', 'ament_prefix_path')
[3.653s] INFO:colcon.colcon_core.shell:Creating environment hook '/home/othmene/Line_Follower_Bot/install/LineFollower_nodes/share/LineFollower_nodes/hook/ament_prefix_path.ps1'
[3.658s] INFO:colcon.colcon_core.shell:Creating environment descriptor '/home/othmene/Line_Follower_Bot/install/LineFollower_nodes/share/LineFollower_nodes/hook/ament_prefix_path.dsv'
[3.659s] INFO:colcon.colcon_core.shell:Creating environment hook '/home/othmene/Line_Follower_Bot/install/LineFollower_nodes/share/LineFollower_nodes/hook/ament_prefix_path.sh'
[3.684s] INFO:colcon.colcon_core.shell:Skip shell extension 'powershell' for command environment: Not usable outside of PowerShell
[3.684s] DEBUG:colcon.colcon_core.shell:Skip shell extension 'dsv' for command environment
[3.882s] DEBUG:colcon.colcon_core.event_handler.log_command:Invoking command in '/home/othmene/Line_Follower_Bot/build/LineFollower_bringup': CMAKE_PREFIX_PATH=${CMAKE_PREFIX_PATH}:/home/othmene/ros2_ws_course3/install/assignment:/home/othmene/ros2_ws_course3/install/actions_py:/home/othmene/ros2_ws_course3/install/lifecycle_py:/home/othmene/ros2_ws_course3/install/executors_py:/home/othmene/ros2_ws_course3/install/components_py:/home/othmene/ros2_ws/install/my_py_pkg:/opt/ros/humble /usr/bin/cmake /home/othmene/Line_Follower_Bot/src/linefollower_bringup -DCMAKE_INSTALL_PREFIX=/home/othmene/Line_Follower_Bot/install/LineFollower_bringup
[3.890s] DEBUG:colcon.colcon_core.event_handler.log_command:Invoking command in '/home/othmene/Line_Follower_Bot/build/LineFollower_description': CMAKE_PREFIX_PATH=${CMAKE_PREFIX_PATH}:/home/othmene/ros2_ws_course3/install/assignment:/home/othmene/ros2_ws_course3/install/actions_py:/home/othmene/ros2_ws_course3/install/lifecycle_py:/home/othmene/ros2_ws_course3/install/executors_py:/home/othmene/ros2_ws_course3/install/components_py:/home/othmene/ros2_ws/install/my_py_pkg:/opt/ros/humble /usr/bin/cmake /home/othmene/Line_Follower_Bot/src/linefollower_description -DCMAKE_INSTALL_PREFIX=/home/othmene/Line_Follower_Bot/install/LineFollower_description
[4.478s] INFO:colcon.colcon_core.task.python.build:Building Python package in '/home/othmene/Line_Follower_Bot/src/linefollower_nodes'
[4.517s] INFO:colcon.colcon_core.shell:Skip shell extension 'powershell' for command environment: Not usable outside of PowerShell
[4.517s] DEBUG:colcon.colcon_core.shell:Skip shell extension 'dsv' for command environment
[5.706s] DEBUG:colcon.colcon_core.event_handler.log_command:Invoked command in '/home/othmene/Line_Follower_Bot/build/LineFollower_description' returned '0': CMAKE_PREFIX_PATH=${CMAKE_PREFIX_PATH}:/home/othmene/ros2_ws_course3/install/assignment:/home/othmene/ros2_ws_course3/install/actions_py:/home/othmene/ros2_ws_course3/install/lifecycle_py:/home/othmene/ros2_ws_course3/install/executors_py:/home/othmene/ros2_ws_course3/install/components_py:/home/othmene/ros2_ws/install/my_py_pkg:/opt/ros/humble /usr/bin/cmake /home/othmene/Line_Follower_Bot/src/linefollower_description -DCMAKE_INSTALL_PREFIX=/home/othmene/Line_Follower_Bot/install/LineFollower_description
[5.708s] DEBUG:colcon.colcon_core.event_handler.log_command:Invoking command in '/home/othmene/Line_Follower_Bot/build/LineFollower_description': CMAKE_PREFIX_PATH=${CMAKE_PREFIX_PATH}:/home/othmene/ros2_ws_course3/install/assignment:/home/othmene/ros2_ws_course3/install/actions_py:/home/othmene/ros2_ws_course3/install/lifecycle_py:/home/othmene/ros2_ws_course3/install/executors_py:/home/othmene/ros2_ws_course3/install/components_py:/home/othmene/ros2_ws/install/my_py_pkg:/opt/ros/humble /usr/bin/cmake --build /home/othmene/Line_Follower_Bot/build/LineFollower_description -- -j4 -l4
[5.714s] DEBUG:colcon.colcon_core.event_handler.log_command:Invoking command in '/home/othmene/Line_Follower_Bot/src/linefollower_nodes': PYTHONPATH=/home/othmene/Line_Follower_Bot/build/LineFollower_nodes/prefix_override:/home/othmene/Line_Follower_Bot/install/LineFollower_nodes/lib/python3.10/site-packages:${PYTHONPATH} /usr/bin/python3 setup.py egg_info --egg-base ../../build/LineFollower_nodes build --build-base /home/othmene/Line_Follower_Bot/build/LineFollower_nodes/build install --record /home/othmene/Line_Follower_Bot/build/LineFollower_nodes/install.log --single-version-externally-managed
[5.716s] DEBUG:colcon.colcon_core.event_handler.log_command:Invoked command in '/home/othmene/Line_Follower_Bot/build/LineFollower_bringup' returned '0': CMAKE_PREFIX_PATH=${CMAKE_PREFIX_PATH}:/home/othmene/ros2_ws_course3/install/assignment:/home/othmene/ros2_ws_course3/install/actions_py:/home/othmene/ros2_ws_course3/install/lifecycle_py:/home/othmene/ros2_ws_course3/install/executors_py:/home/othmene/ros2_ws_course3/install/components_py:/home/othmene/ros2_ws/install/my_py_pkg:/opt/ros/humble /usr/bin/cmake /home/othmene/Line_Follower_Bot/src/linefollower_bringup -DCMAKE_INSTALL_PREFIX=/home/othmene/Line_Follower_Bot/install/LineFollower_bringup
[5.719s] DEBUG:colcon.colcon_core.event_handler.log_command:Invoking command in '/home/othmene/Line_Follower_Bot/build/LineFollower_bringup': CMAKE_PREFIX_PATH=${CMAKE_PREFIX_PATH}:/home/othmene/ros2_ws_course3/install/assignment:/home/othmene/ros2_ws_course3/install/actions_py:/home/othmene/ros2_ws_course3/install/lifecycle_py:/home/othmene/ros2_ws_course3/install/executors_py:/home/othmene/ros2_ws_course3/install/components_py:/home/othmene/ros2_ws/install/my_py_pkg:/opt/ros/humble /usr/bin/cmake --build /home/othmene/Line_Follower_Bot/build/LineFollower_bringup -- -j4 -l4
[5.785s] DEBUG:colcon.colcon_core.event_handler.log_command:Invoked command in '/home/othmene/Line_Follower_Bot/build/LineFollower_description' returned '0': CMAKE_PREFIX_PATH=${CMAKE_PREFIX_PATH}:/home/othmene/ros2_ws_course3/install/assignment:/home/othmene/ros2_ws_course3/install/actions_py:/home/othmene/ros2_ws_course3/install/lifecycle_py:/home/othmene/ros2_ws_course3/install/executors_py:/home/othmene/ros2_ws_course3/install/components_py:/home/othmene/ros2_ws/install/my_py_pkg:/opt/ros/humble /usr/bin/cmake --build /home/othmene/Line_Follower_Bot/build/LineFollower_description -- -j4 -l4
[5.809s] DEBUG:colcon.colcon_core.event_handler.log_command:Invoked command in '/home/othmene/Line_Follower_Bot/build/LineFollower_bringup' returned '0': CMAKE_PREFIX_PATH=${CMAKE_PREFIX_PATH}:/home/othmene/ros2_ws_course3/install/assignment:/home/othmene/ros2_ws_course3/install/actions_py:/home/othmene/ros2_ws_course3/install/lifecycle_py:/home/othmene/ros2_ws_course3/install/executors_py:/home/othmene/ros2_ws_course3/install/components_py:/home/othmene/ros2_ws/install/my_py_pkg:/opt/ros/humble /usr/bin/cmake --build /home/othmene/Line_Follower_Bot/build/LineFollower_bringup -- -j4 -l4
[5.857s] DEBUG:colcon.colcon_core.event_handler.log_command:Invoking command in '/home/othmene/Line_Follower_Bot/build/LineFollower_description': CMAKE_PREFIX_PATH=${CMAKE_PREFIX_PATH}:/home/othmene/ros2_ws_course3/install/assignment:/home/othmene/ros2_ws_course3/install/actions_py:/home/othmene/ros2_ws_course3/install/lifecycle_py:/home/othmene/ros2_ws_course3/install/executors_py:/home/othmene/ros2_ws_course3/install/components_py:/home/othmene/ros2_ws/install/my_py_pkg:/opt/ros/humble /usr/bin/cmake --install /home/othmene/Line_Follower_Bot/build/LineFollower_description
[5.861s] DEBUG:colcon.colcon_core.event_handler.log_command:Invoking command in '/home/othmene/Line_Follower_Bot/build/LineFollower_bringup': CMAKE_PREFIX_PATH=${CMAKE_PREFIX_PATH}:/home/othmene/ros2_ws_course3/install/assignment:/home/othmene/ros2_ws_course3/install/actions_py:/home/othmene/ros2_ws_course3/install/lifecycle_py:/home/othmene/ros2_ws_course3/install/executors_py:/home/othmene/ros2_ws_course3/install/components_py:/home/othmene/ros2_ws/install/my_py_pkg:/opt/ros/humble /usr/bin/cmake --install /home/othmene/Line_Follower_Bot/build/LineFollower_bringup
[5.881s] Level 1:colcon.colcon_core.environment:create_environment_scripts_only(LineFollower_description)
[5.883s] DEBUG:colcon.colcon_core.event_handler.log_command:Invoked command in '/home/othmene/Line_Follower_Bot/build/LineFollower_description' returned '0': CMAKE_PREFIX_PATH=${CMAKE_PREFIX_PATH}:/home/othmene/ros2_ws_course3/install/assignment:/home/othmene/ros2_ws_course3/install/actions_py:/home/othmene/ros2_ws_course3/install/lifecycle_py:/home/othmene/ros2_ws_course3/install/executors_py:/home/othmene/ros2_ws_course3/install/components_py:/home/othmene/ros2_ws/install/my_py_pkg:/opt/ros/humble /usr/bin/cmake --install /home/othmene/Line_Follower_Bot/build/LineFollower_description
[5.927s] Level 1:colcon.colcon_core.environment:checking '/home/othmene/Line_Follower_Bot/install/LineFollower_description' for CMake module files
[5.928s] Level 1:colcon.colcon_core.environment:checking '/home/othmene/Line_Follower_Bot/install/LineFollower_description' for CMake config files
[5.929s] Level 1:colcon.colcon_core.shell:create_environment_hook('LineFollower_description', 'cmake_prefix_path')
[5.959s] INFO:colcon.colcon_core.shell:Creating environment hook '/home/othmene/Line_Follower_Bot/install/LineFollower_description/share/LineFollower_description/hook/cmake_prefix_path.ps1'
[5.960s] INFO:colcon.colcon_core.shell:Creating environment descriptor '/home/othmene/Line_Follower_Bot/install/LineFollower_description/share/LineFollower_description/hook/cmake_prefix_path.dsv'
[5.960s] INFO:colcon.colcon_core.shell:Creating environment hook '/home/othmene/Line_Follower_Bot/install/LineFollower_description/share/LineFollower_description/hook/cmake_prefix_path.sh'
[5.961s] Level 1:colcon.colcon_core.environment:checking '/home/othmene/Line_Follower_Bot/install/LineFollower_description/bin'
[5.961s] Level 1:colcon.colcon_core.environment:checking '/home/othmene/Line_Follower_Bot/install/LineFollower_description/lib/pkgconfig/LineFollower_description.pc'
[5.962s] Level 1:colcon.colcon_core.environment:checking '/home/othmene/Line_Follower_Bot/install/LineFollower_description/lib/python3.10/site-packages'
[5.962s] Level 1:colcon.colcon_core.environment:checking '/home/othmene/Line_Follower_Bot/install/LineFollower_description/bin'
[5.992s] INFO:colcon.colcon_core.shell:Creating package script '/home/othmene/Line_Follower_Bot/install/LineFollower_description/share/LineFollower_description/package.ps1'
[5.994s] INFO:colcon.colcon_core.shell:Creating package descriptor '/home/othmene/Line_Follower_Bot/install/LineFollower_description/share/LineFollower_description/package.dsv'
[5.995s] INFO:colcon.colcon_core.shell:Creating package script '/home/othmene/Line_Follower_Bot/install/LineFollower_description/share/LineFollower_description/package.sh'
[5.997s] INFO:colcon.colcon_core.shell:Creating package script '/home/othmene/Line_Follower_Bot/install/LineFollower_description/share/LineFollower_description/package.bash'
[5.999s] INFO:colcon.colcon_core.shell:Creating package script '/home/othmene/Line_Follower_Bot/install/LineFollower_description/share/LineFollower_description/package.zsh'
[6.000s] Level 1:colcon.colcon_core.environment:create_file_with_runtime_dependencies(/home/othmene/Line_Follower_Bot/install/LineFollower_description/share/colcon-core/packages/LineFollower_description)
[6.005s] Level 1:colcon.colcon_core.environment:create_environment_scripts_only(LineFollower_bringup)
[6.005s] DEBUG:colcon.colcon_core.event_handler.log_command:Invoked command in '/home/othmene/Line_Follower_Bot/build/LineFollower_bringup' returned '0': CMAKE_PREFIX_PATH=${CMAKE_PREFIX_PATH}:/home/othmene/ros2_ws_course3/install/assignment:/home/othmene/ros2_ws_course3/install/actions_py:/home/othmene/ros2_ws_course3/install/lifecycle_py:/home/othmene/ros2_ws_course3/install/executors_py:/home/othmene/ros2_ws_course3/install/components_py:/home/othmene/ros2_ws/install/my_py_pkg:/opt/ros/humble /usr/bin/cmake --install /home/othmene/Line_Follower_Bot/build/LineFollower_bringup
[6.037s] Level 1:colcon.colcon_core.environment:checking '/home/othmene/Line_Follower_Bot/install/LineFollower_bringup' for CMake module files
[6.038s] Level 1:colcon.colcon_core.environment:checking '/home/othmene/Line_Follower_Bot/install/LineFollower_bringup' for CMake config files
[6.038s] Level 1:colcon.colcon_core.shell:create_environment_hook('LineFollower_bringup', 'cmake_prefix_path')
[6.065s] INFO:colcon.colcon_core.shell:Creating environment hook '/home/othmene/Line_Follower_Bot/install/LineFollower_bringup/share/LineFollower_bringup/hook/cmake_prefix_path.ps1'
[6.066s] INFO:colcon.colcon_core.shell:Creating environment descriptor '/home/othmene/Line_Follower_Bot/install/LineFollower_bringup/share/LineFollower_bringup/hook/cmake_prefix_path.dsv'
[6.067s] INFO:colcon.colcon_core.shell:Creating environment hook '/home/othmene/Line_Follower_Bot/install/LineFollower_bringup/share/LineFollower_bringup/hook/cmake_prefix_path.sh'
[6.067s] Level 1:colcon.colcon_core.environment:checking '/home/othmene/Line_Follower_Bot/install/LineFollower_bringup/bin'
[6.068s] Level 1:colcon.colcon_core.environment:checking '/home/othmene/Line_Follower_Bot/install/LineFollower_bringup/lib/pkgconfig/LineFollower_bringup.pc'
[6.068s] Level 1:colcon.colcon_core.environment:checking '/home/othmene/Line_Follower_Bot/install/LineFollower_bringup/lib/python3.10/site-packages'
[6.068s] Level 1:colcon.colcon_core.environment:checking '/home/othmene/Line_Follower_Bot/install/LineFollower_bringup/bin'
[6.096s] INFO:colcon.colcon_core.shell:Creating package script '/home/othmene/Line_Follower_Bot/install/LineFollower_bringup/share/LineFollower_bringup/package.ps1'
[6.097s] INFO:colcon.colcon_core.shell:Creating package descriptor '/home/othmene/Line_Follower_Bot/install/LineFollower_bringup/share/LineFollower_bringup/package.dsv'
[6.098s] INFO:colcon.colcon_core.shell:Creating package script '/home/othmene/Line_Follower_Bot/install/LineFollower_bringup/share/LineFollower_bringup/package.sh'
[6.098s] INFO:colcon.colcon_core.shell:Creating package script '/home/othmene/Line_Follower_Bot/install/LineFollower_bringup/share/LineFollower_bringup/package.bash'
[6.099s] INFO:colcon.colcon_core.shell:Creating package script '/home/othmene/Line_Follower_Bot/install/LineFollower_bringup/share/LineFollower_bringup/package.zsh'
[6.100s] Level 1:colcon.colcon_core.environment:create_file_with_runtime_dependencies(/home/othmene/Line_Follower_Bot/install/LineFollower_bringup/share/colcon-core/packages/LineFollower_bringup)
[6.133s] Level 1:colcon.colcon_core.environment:create_environment_scripts_only(LineFollower_description)
[6.164s] Level 1:colcon.colcon_core.environment:checking '/home/othmene/Line_Follower_Bot/install/LineFollower_description' for CMake module files
[6.166s] Level 1:colcon.colcon_core.environment:checking '/home/othmene/Line_Follower_Bot/install/LineFollower_description' for CMake config files
[6.167s] Level 1:colcon.colcon_core.shell:create_environment_hook('LineFollower_description', 'cmake_prefix_path')
[6.191s] INFO:colcon.colcon_core.shell:Creating environment hook '/home/othmene/Line_Follower_Bot/install/LineFollower_description/share/LineFollower_description/hook/cmake_prefix_path.ps1'
[6.191s] INFO:colcon.colcon_core.shell:Creating environment descriptor '/home/othmene/Line_Follower_Bot/install/LineFollower_description/share/LineFollower_description/hook/cmake_prefix_path.dsv'
[6.192s] INFO:colcon.colcon_core.shell:Creating environment hook '/home/othmene/Line_Follower_Bot/install/LineFollower_description/share/LineFollower_description/hook/cmake_prefix_path.sh'
[6.193s] Level 1:colcon.colcon_core.environment:checking '/home/othmene/Line_Follower_Bot/install/LineFollower_description/bin'
[6.193s] Level 1:colcon.colcon_core.environment:checking '/home/othmene/Line_Follower_Bot/install/LineFollower_description/lib/pkgconfig/LineFollower_description.pc'
[6.193s] Level 1:colcon.colcon_core.environment:checking '/home/othmene/Line_Follower_Bot/install/LineFollower_description/lib/python3.10/site-packages'
[6.193s] Level 1:colcon.colcon_core.environment:checking '/home/othmene/Line_Follower_Bot/install/LineFollower_description/bin'
[6.241s] INFO:colcon.colcon_core.shell:Creating package script '/home/othmene/Line_Follower_Bot/install/LineFollower_description/share/LineFollower_description/package.ps1'
[6.242s] INFO:colcon.colcon_core.shell:Creating package descriptor '/home/othmene/Line_Follower_Bot/install/LineFollower_description/share/LineFollower_description/package.dsv'
[6.243s] INFO:colcon.colcon_core.shell:Creating package script '/home/othmene/Line_Follower_Bot/install/LineFollower_description/share/LineFollower_description/package.sh'
[6.244s] INFO:colcon.colcon_core.shell:Creating package script '/home/othmene/Line_Follower_Bot/install/LineFollower_description/share/LineFollower_description/package.bash'
[6.245s] INFO:colcon.colcon_core.shell:Creating package script '/home/othmene/Line_Follower_Bot/install/LineFollower_description/share/LineFollower_description/package.zsh'
[6.245s] Level 1:colcon.colcon_core.environment:create_file_with_runtime_dependencies(/home/othmene/Line_Follower_Bot/install/LineFollower_description/share/colcon-core/packages/LineFollower_description)
[6.278s] Level 1:colcon.colcon_core.environment:create_environment_scripts_only(LineFollower_bringup)
[6.306s] Level 1:colcon.colcon_core.environment:checking '/home/othmene/Line_Follower_Bot/install/LineFollower_bringup' for CMake module files
[6.307s] Level 1:colcon.colcon_core.environment:checking '/home/othmene/Line_Follower_Bot/install/LineFollower_bringup' for CMake config files
[6.307s] Level 1:colcon.colcon_core.shell:create_environment_hook('LineFollower_bringup', 'cmake_prefix_path')
[6.332s] INFO:colcon.colcon_core.shell:Creating environment hook '/home/othmene/Line_Follower_Bot/install/LineFollower_bringup/share/LineFollower_bringup/hook/cmake_prefix_path.ps1'
[6.333s] INFO:colcon.colcon_core.shell:Creating environment descriptor '/home/othmene/Line_Follower_Bot/install/LineFollower_bringup/share/LineFollower_bringup/hook/cmake_prefix_path.dsv'
[6.333s] INFO:colcon.colcon_core.shell:Creating environment hook '/home/othmene/Line_Follower_Bot/install/LineFollower_bringup/share/LineFollower_bringup/hook/cmake_prefix_path.sh'
[6.335s] Level 1:colcon.colcon_core.environment:checking '/home/othmene/Line_Follower_Bot/install/LineFollower_bringup/bin'
[6.335s] Level 1:colcon.colcon_core.environment:checking '/home/othmene/Line_Follower_Bot/install/LineFollower_bringup/lib/pkgconfig/LineFollower_bringup.pc'
[6.335s] Level 1:colcon.colcon_core.environment:checking '/home/othmene/Line_Follower_Bot/install/LineFollower_bringup/lib/python3.10/site-packages'
[6.335s] Level 1:colcon.colcon_core.environment:checking '/home/othmene/Line_Follower_Bot/install/LineFollower_bringup/bin'
[6.362s] INFO:colcon.colcon_core.shell:Creating package script '/home/othmene/Line_Follower_Bot/install/LineFollower_bringup/share/LineFollower_bringup/package.ps1'
[6.363s] INFO:colcon.colcon_core.shell:Creating package descriptor '/home/othmene/Line_Follower_Bot/install/LineFollower_bringup/share/LineFollower_bringup/package.dsv'
[6.364s] INFO:colcon.colcon_core.shell:Creating package script '/home/othmene/Line_Follower_Bot/install/LineFollower_bringup/share/LineFollower_bringup/package.sh'
[6.366s] INFO:colcon.colcon_core.shell:Creating package script '/home/othmene/Line_Follower_Bot/install/LineFollower_bringup/share/LineFollower_bringup/package.bash'
[6.367s] INFO:colcon.colcon_core.shell:Creating package script '/home/othmene/Line_Follower_Bot/install/LineFollower_bringup/share/LineFollower_bringup/package.zsh'
[6.368s] Level 1:colcon.colcon_core.environment:create_file_with_runtime_dependencies(/home/othmene/Line_Follower_Bot/install/LineFollower_bringup/share/colcon-core/packages/LineFollower_bringup)
[6.373s] DEBUG:colcon.colcon_core.event_handler.log_command:Invoked command in '/home/othmene/Line_Follower_Bot/src/linefollower_nodes' returned '0': PYTHONPATH=/home/othmene/Line_Follower_Bot/build/LineFollower_nodes/prefix_override:/home/othmene/Line_Follower_Bot/install/LineFollower_nodes/lib/python3.10/site-packages:${PYTHONPATH} /usr/bin/python3 setup.py egg_info --egg-base ../../build/LineFollower_nodes build --build-base /home/othmene/Line_Follower_Bot/build/LineFollower_nodes/build install --record /home/othmene/Line_Follower_Bot/build/LineFollower_nodes/install.log --single-version-externally-managed
[6.400s] Level 1:colcon.colcon_core.environment:checking '/home/othmene/Line_Follower_Bot/install/LineFollower_nodes' for CMake module files
[6.401s] Level 1:colcon.colcon_core.environment:checking '/home/othmene/Line_Follower_Bot/install/LineFollower_nodes' for CMake config files
[6.401s] Level 1:colcon.colcon_core.environment:checking '/home/othmene/Line_Follower_Bot/install/LineFollower_nodes/lib'
[6.402s] Level 1:colcon.colcon_core.environment:checking '/home/othmene/Line_Follower_Bot/install/LineFollower_nodes/bin'
[6.402s] Level 1:colcon.colcon_core.environment:checking '/home/othmene/Line_Follower_Bot/install/LineFollower_nodes/lib/pkgconfig/LineFollower_nodes.pc'
[6.402s] Level 1:colcon.colcon_core.environment:checking '/home/othmene/Line_Follower_Bot/install/LineFollower_nodes/lib/python3.10/site-packages'
[6.403s] Level 1:colcon.colcon_core.shell:create_environment_hook('LineFollower_nodes', 'pythonpath')
[6.429s] INFO:colcon.colcon_core.shell:Creating environment hook '/home/othmene/Line_Follower_Bot/install/LineFollower_nodes/share/LineFollower_nodes/hook/pythonpath.ps1'
[6.430s] INFO:colcon.colcon_core.shell:Creating environment descriptor '/home/othmene/Line_Follower_Bot/install/LineFollower_nodes/share/LineFollower_nodes/hook/pythonpath.dsv'
[6.431s] INFO:colcon.colcon_core.shell:Creating environment hook '/home/othmene/Line_Follower_Bot/install/LineFollower_nodes/share/LineFollower_nodes/hook/pythonpath.sh'
[6.431s] Level 1:colcon.colcon_core.environment:checking '/home/othmene/Line_Follower_Bot/install/LineFollower_nodes/bin'
[6.432s] Level 1:colcon.colcon_core.environment:create_environment_scripts_only(LineFollower_nodes)
[6.453s] INFO:colcon.colcon_core.shell:Creating package script '/home/othmene/Line_Follower_Bot/install/LineFollower_nodes/share/LineFollower_nodes/package.ps1'
[6.454s] INFO:colcon.colcon_core.shell:Creating package descriptor '/home/othmene/Line_Follower_Bot/install/LineFollower_nodes/share/LineFollower_nodes/package.dsv'
[6.455s] INFO:colcon.colcon_core.shell:Creating package script '/home/othmene/Line_Follower_Bot/install/LineFollower_nodes/share/LineFollower_nodes/package.sh'
[6.455s] INFO:colcon.colcon_core.shell:Creating package script '/home/othmene/Line_Follower_Bot/install/LineFollower_nodes/share/LineFollower_nodes/package.bash'
[6.455s] INFO:colcon.colcon_core.shell:Creating package script '/home/othmene/Line_Follower_Bot/install/LineFollower_nodes/share/LineFollower_nodes/package.zsh'
[6.456s] Level 1:colcon.colcon_core.environment:create_file_with_runtime_dependencies(/home/othmene/Line_Follower_Bot/install/LineFollower_nodes/share/colcon-core/packages/LineFollower_nodes)
[6.456s] DEBUG:colcon.colcon_parallel_executor.executor.parallel:closing loop
[6.457s] DEBUG:colcon.colcon_parallel_executor.executor.parallel:loop closed
[6.457s] DEBUG:colcon.colcon_parallel_executor.executor.parallel:run_until_complete finished with '0'
[6.457s] DEBUG:colcon.colcon_core.event_reactor:joining thread
[6.506s] INFO:colcon.colcon_core.plugin_system:Skipping extension 'colcon_notification.desktop_notification.terminal_notifier': Not used on non-Darwin systems
[6.506s] INFO:colcon.colcon_core.plugin_system:Skipping extension 'colcon_notification.desktop_notification.win32': Not used on non-Windows systems
[6.507s] INFO:colcon.colcon_notification.desktop_notification:Sending desktop notification using 'notify2'
[6.530s] DEBUG:colcon.colcon_core.event_reactor:joined thread
[6.552s] INFO:colcon.colcon_core.shell:Creating prefix script '/home/othmene/Line_Follower_Bot/install/local_setup.ps1'
[6.555s] INFO:colcon.colcon_core.shell:Creating prefix util module '/home/othmene/Line_Follower_Bot/install/_local_setup_util_ps1.py'
[6.557s] INFO:colcon.colcon_core.shell:Creating prefix chain script '/home/othmene/Line_Follower_Bot/install/setup.ps1'
[6.587s] INFO:colcon.colcon_core.shell:Creating prefix script '/home/othmene/Line_Follower_Bot/install/local_setup.sh'
[6.589s] INFO:colcon.colcon_core.shell:Creating prefix util module '/home/othmene/Line_Follower_Bot/install/_local_setup_util_sh.py'
[6.590s] INFO:colcon.colcon_core.shell:Creating prefix chain script '/home/othmene/Line_Follower_Bot/install/setup.sh'
[6.619s] INFO:colcon.colcon_core.shell:Creating prefix script '/home/othmene/Line_Follower_Bot/install/local_setup.bash'
[6.621s] INFO:colcon.colcon_core.shell:Creating prefix chain script '/home/othmene/Line_Follower_Bot/install/setup.bash'
[6.652s] INFO:colcon.colcon_core.shell:Creating prefix script '/home/othmene/Line_Follower_Bot/install/local_setup.zsh'
[6.654s] INFO:colcon.colcon_core.shell:Creating prefix chain script '/home/othmene/Line_Follower_Bot/install/setup.zsh'
