[0.483s] Invoking command in '/home/othmene/Line_Follower_Bot/build/linefollower_description': CMAKE_PREFIX_PATH=${CMAKE_PREFIX_PATH}:/home/othmene/ros2_ws_course3/install/assignment:/home/othmene/ros2_ws_course3/install/actions_py:/home/othmene/ros2_ws_course3/install/lifecycle_py:/home/othmene/ros2_ws_course3/install/executors_py:/home/othmene/ros2_ws_course3/install/components_py:/home/othmene/ros2_ws/install/my_py_pkg:/opt/ros/humble /usr/bin/cmake /home/othmene/Line_Follower_Bot/src/linefollower_description -DCMAKE_INSTALL_PREFIX=/home/othmene/Line_Follower_Bot/install/linefollower_description
[0.597s] -- The C compiler identification is GNU 11.4.0
[0.705s] -- The CXX compiler identification is GNU 11.4.0
[0.720s] -- Detecting C compiler ABI info
[0.883s] -- Detecting C compiler ABI info - done
[0.904s] -- Check for working C compiler: /usr/bin/cc - skipped
[0.905s] -- Detecting C compile features
[0.905s] -- Detecting C compile features - done
[0.905s] -- Detecting CXX compiler ABI info
[1.093s] -- Detecting CXX compiler ABI info - done
[1.104s] -- Check for working CXX compiler: /usr/bin/c++ - skipped
[1.105s] -- Detecting CXX compile features
[1.106s] -- Detecting CXX compile features - done
[1.108s] -- Found ament_cmake: 1.3.7 (/opt/ros/humble/share/ament_cmake/cmake)
[1.524s] -- Found Python3: /usr/bin/python3.10 (found version "3.10.12") found components: Interpreter 
[2.006s] -- Configuring done
[2.011s] -- Generating done
[2.014s] -- Build files have been written to: /home/othmene/Line_Follower_Bot/build/linefollower_description
[2.024s] Invoked command in '/home/othmene/Line_Follower_Bot/build/linefollower_description' returned '0': CMAKE_PREFIX_PATH=${CMAKE_PREFIX_PATH}:/home/othmene/ros2_ws_course3/install/assignment:/home/othmene/ros2_ws_course3/install/actions_py:/home/othmene/ros2_ws_course3/install/lifecycle_py:/home/othmene/ros2_ws_course3/install/executors_py:/home/othmene/ros2_ws_course3/install/components_py:/home/othmene/ros2_ws/install/my_py_pkg:/opt/ros/humble /usr/bin/cmake /home/othmene/Line_Follower_Bot/src/linefollower_description -DCMAKE_INSTALL_PREFIX=/home/othmene/Line_Follower_Bot/install/linefollower_description
[2.028s] Invoking command in '/home/othmene/Line_Follower_Bot/build/linefollower_description': CMAKE_PREFIX_PATH=${CMAKE_PREFIX_PATH}:/home/othmene/ros2_ws_course3/install/assignment:/home/othmene/ros2_ws_course3/install/actions_py:/home/othmene/ros2_ws_course3/install/lifecycle_py:/home/othmene/ros2_ws_course3/install/executors_py:/home/othmene/ros2_ws_course3/install/components_py:/home/othmene/ros2_ws/install/my_py_pkg:/opt/ros/humble /usr/bin/cmake --build /home/othmene/Line_Follower_Bot/build/linefollower_description -- -j4 -l4
[2.123s] Invoked command in '/home/othmene/Line_Follower_Bot/build/linefollower_description' returned '0': CMAKE_PREFIX_PATH=${CMAKE_PREFIX_PATH}:/home/othmene/ros2_ws_course3/install/assignment:/home/othmene/ros2_ws_course3/install/actions_py:/home/othmene/ros2_ws_course3/install/lifecycle_py:/home/othmene/ros2_ws_course3/install/executors_py:/home/othmene/ros2_ws_course3/install/components_py:/home/othmene/ros2_ws/install/my_py_pkg:/opt/ros/humble /usr/bin/cmake --build /home/othmene/Line_Follower_Bot/build/linefollower_description -- -j4 -l4
[2.210s] Invoking command in '/home/othmene/Line_Follower_Bot/build/linefollower_description': CMAKE_PREFIX_PATH=${CMAKE_PREFIX_PATH}:/home/othmene/ros2_ws_course3/install/assignment:/home/othmene/ros2_ws_course3/install/actions_py:/home/othmene/ros2_ws_course3/install/lifecycle_py:/home/othmene/ros2_ws_course3/install/executors_py:/home/othmene/ros2_ws_course3/install/components_py:/home/othmene/ros2_ws/install/my_py_pkg:/opt/ros/humble /usr/bin/cmake --install /home/othmene/Line_Follower_Bot/build/linefollower_description
[2.227s] -- Install configuration: ""
[2.228s] -- Up-to-date: /home/othmene/Line_Follower_Bot/install/linefollower_description/share/linefollower_description//urdf
[2.228s] -- Up-to-date: /home/othmene/Line_Follower_Bot/install/linefollower_description/share/linefollower_description//launch
[2.228s] -- Up-to-date: /home/othmene/Line_Follower_Bot/install/linefollower_description/share/linefollower_description//rviz
[2.228s] -- Installing: /home/othmene/Line_Follower_Bot/install/linefollower_description/share/ament_index/resource_index/package_run_dependencies/linefollower_description
[2.228s] -- Installing: /home/othmene/Line_Follower_Bot/install/linefollower_description/share/ament_index/resource_index/parent_prefix_path/linefollower_description
[2.228s] -- Up-to-date: /home/othmene/Line_Follower_Bot/install/linefollower_description/share/linefollower_description/environment/ament_prefix_path.sh
[2.229s] -- Installing: /home/othmene/Line_Follower_Bot/install/linefollower_description/share/linefollower_description/environment/ament_prefix_path.dsv
[2.229s] -- Up-to-date: /home/othmene/Line_Follower_Bot/install/linefollower_description/share/linefollower_description/environment/path.sh
[2.229s] -- Installing: /home/othmene/Line_Follower_Bot/install/linefollower_description/share/linefollower_description/environment/path.dsv
[2.229s] -- Installing: /home/othmene/Line_Follower_Bot/install/linefollower_description/share/linefollower_description/local_setup.bash
[2.230s] -- Installing: /home/othmene/Line_Follower_Bot/install/linefollower_description/share/linefollower_description/local_setup.sh
[2.231s] -- Installing: /home/othmene/Line_Follower_Bot/install/linefollower_description/share/linefollower_description/local_setup.zsh
[2.231s] -- Installing: /home/othmene/Line_Follower_Bot/install/linefollower_description/share/linefollower_description/local_setup.dsv
[2.234s] -- Installing: /home/othmene/Line_Follower_Bot/install/linefollower_description/share/linefollower_description/package.dsv
[2.234s] -- Installing: /home/othmene/Line_Follower_Bot/install/linefollower_description/share/ament_index/resource_index/packages/linefollower_description
[2.235s] -- Installing: /home/othmene/Line_Follower_Bot/install/linefollower_description/share/linefollower_description/cmake/linefollower_descriptionConfig.cmake
[2.235s] -- Installing: /home/othmene/Line_Follower_Bot/install/linefollower_description/share/linefollower_description/cmake/linefollower_descriptionConfig-version.cmake
[2.235s] -- Installing: /home/othmene/Line_Follower_Bot/install/linefollower_description/share/linefollower_description/package.xml
[2.243s] Invoked command in '/home/othmene/Line_Follower_Bot/build/linefollower_description' returned '0': CMAKE_PREFIX_PATH=${CMAKE_PREFIX_PATH}:/home/othmene/ros2_ws_course3/install/assignment:/home/othmene/ros2_ws_course3/install/actions_py:/home/othmene/ros2_ws_course3/install/lifecycle_py:/home/othmene/ros2_ws_course3/install/executors_py:/home/othmene/ros2_ws_course3/install/components_py:/home/othmene/ros2_ws/install/my_py_pkg:/opt/ros/humble /usr/bin/cmake --install /home/othmene/Line_Follower_Bot/build/linefollower_description
