[0.709s] Invoking command in '/home/othmene/Line_Follower_Bot/build/LineFollower_bringup': CMAKE_PREFIX_PATH=${CMAKE_PREFIX_PATH}:/home/othmene/ros2_ws_course3/install/assignment:/home/othmene/ros2_ws_course3/install/actions_py:/home/othmene/ros2_ws_course3/install/lifecycle_py:/home/othmene/ros2_ws_course3/install/executors_py:/home/othmene/ros2_ws_course3/install/components_py:/home/othmene/ros2_ws/install/my_py_pkg:/opt/ros/humble /usr/bin/cmake /home/othmene/Line_Follower_Bot/src/linefollower_bringup -DCMAKE_INSTALL_PREFIX=/home/othmene/Line_Follower_Bot/install/LineFollower_bringup
[0.975s] -- The C compiler identification is GNU 11.4.0
[1.141s] -- The CXX compiler identification is GNU 11.4.0
[1.185s] -- Detecting C compiler ABI info
[1.418s] -- Detecting C compiler ABI info - done
[1.429s] -- Check for working C compiler: /usr/bin/cc - skipped
[1.435s] -- Detecting C compile features
[1.438s] -- Detecting C compile features - done
[1.464s] -- Detecting CXX compiler ABI info
[1.666s] -- Detecting CXX compiler ABI info - done
[1.683s] -- Check for working CXX compiler: /usr/bin/c++ - skipped
[1.684s] -- Detecting CXX compile features
[1.685s] -- Detecting CXX compile features - done
[1.700s] -- Found ament_cmake: 1.3.7 (/opt/ros/humble/share/ament_cmake/cmake)
[2.107s] -- Found Python3: /usr/bin/python3.10 (found version "3.10.12") found components: Interpreter 
[2.482s] WARNING: Package name "LineFollower_bringup" does not follow the naming conventions. It should start with a lower case letter and only contain lower case letters, digits, underscores, and dashes.
[2.512s] -- Configuring done
[2.537s] -- Generating done
[2.537s] -- Build files have been written to: /home/othmene/Line_Follower_Bot/build/LineFollower_bringup
[2.543s] Invoked command in '/home/othmene/Line_Follower_Bot/build/LineFollower_bringup' returned '0': CMAKE_PREFIX_PATH=${CMAKE_PREFIX_PATH}:/home/othmene/ros2_ws_course3/install/assignment:/home/othmene/ros2_ws_course3/install/actions_py:/home/othmene/ros2_ws_course3/install/lifecycle_py:/home/othmene/ros2_ws_course3/install/executors_py:/home/othmene/ros2_ws_course3/install/components_py:/home/othmene/ros2_ws/install/my_py_pkg:/opt/ros/humble /usr/bin/cmake /home/othmene/Line_Follower_Bot/src/linefollower_bringup -DCMAKE_INSTALL_PREFIX=/home/othmene/Line_Follower_Bot/install/LineFollower_bringup
[2.546s] Invoking command in '/home/othmene/Line_Follower_Bot/build/LineFollower_bringup': CMAKE_PREFIX_PATH=${CMAKE_PREFIX_PATH}:/home/othmene/ros2_ws_course3/install/assignment:/home/othmene/ros2_ws_course3/install/actions_py:/home/othmene/ros2_ws_course3/install/lifecycle_py:/home/othmene/ros2_ws_course3/install/executors_py:/home/othmene/ros2_ws_course3/install/components_py:/home/othmene/ros2_ws/install/my_py_pkg:/opt/ros/humble /usr/bin/cmake --build /home/othmene/Line_Follower_Bot/build/LineFollower_bringup -- -j4 -l4
[2.637s] Invoked command in '/home/othmene/Line_Follower_Bot/build/LineFollower_bringup' returned '0': CMAKE_PREFIX_PATH=${CMAKE_PREFIX_PATH}:/home/othmene/ros2_ws_course3/install/assignment:/home/othmene/ros2_ws_course3/install/actions_py:/home/othmene/ros2_ws_course3/install/lifecycle_py:/home/othmene/ros2_ws_course3/install/executors_py:/home/othmene/ros2_ws_course3/install/components_py:/home/othmene/ros2_ws/install/my_py_pkg:/opt/ros/humble /usr/bin/cmake --build /home/othmene/Line_Follower_Bot/build/LineFollower_bringup -- -j4 -l4
[2.688s] Invoking command in '/home/othmene/Line_Follower_Bot/build/LineFollower_bringup': CMAKE_PREFIX_PATH=${CMAKE_PREFIX_PATH}:/home/othmene/ros2_ws_course3/install/assignment:/home/othmene/ros2_ws_course3/install/actions_py:/home/othmene/ros2_ws_course3/install/lifecycle_py:/home/othmene/ros2_ws_course3/install/executors_py:/home/othmene/ros2_ws_course3/install/components_py:/home/othmene/ros2_ws/install/my_py_pkg:/opt/ros/humble /usr/bin/cmake --install /home/othmene/Line_Follower_Bot/build/LineFollower_bringup
[2.703s] -- Install configuration: ""
[2.703s] -- Installing: /home/othmene/Line_Follower_Bot/install/LineFollower_bringup/share/LineFollower_bringup//launch
[2.704s] -- Installing: /home/othmene/Line_Follower_Bot/install/LineFollower_bringup/share/LineFollower_bringup//rviz
[2.704s] -- Installing: /home/othmene/Line_Follower_Bot/install/LineFollower_bringup/share/LineFollower_bringup//worlds
[2.704s] -- Installing: /home/othmene/Line_Follower_Bot/install/LineFollower_bringup/share/ament_index/resource_index/package_run_dependencies/LineFollower_bringup
[2.704s] -- Installing: /home/othmene/Line_Follower_Bot/install/LineFollower_bringup/share/ament_index/resource_index/parent_prefix_path/LineFollower_bringup
[2.705s] -- Installing: /home/othmene/Line_Follower_Bot/install/LineFollower_bringup/share/LineFollower_bringup/environment/ament_prefix_path.sh
[2.705s] -- Installing: /home/othmene/Line_Follower_Bot/install/LineFollower_bringup/share/LineFollower_bringup/environment/ament_prefix_path.dsv
[2.706s] -- Installing: /home/othmene/Line_Follower_Bot/install/LineFollower_bringup/share/LineFollower_bringup/environment/path.sh
[2.706s] -- Installing: /home/othmene/Line_Follower_Bot/install/LineFollower_bringup/share/LineFollower_bringup/environment/path.dsv
[2.706s] -- Installing: /home/othmene/Line_Follower_Bot/install/LineFollower_bringup/share/LineFollower_bringup/local_setup.bash
[2.707s] -- Installing: /home/othmene/Line_Follower_Bot/install/LineFollower_bringup/share/LineFollower_bringup/local_setup.sh
[2.707s] -- Installing: /home/othmene/Line_Follower_Bot/install/LineFollower_bringup/share/LineFollower_bringup/local_setup.zsh
[2.707s] -- Installing: /home/othmene/Line_Follower_Bot/install/LineFollower_bringup/share/LineFollower_bringup/local_setup.dsv
[2.708s] -- Installing: /home/othmene/Line_Follower_Bot/install/LineFollower_bringup/share/LineFollower_bringup/package.dsv
[2.708s] -- Installing: /home/othmene/Line_Follower_Bot/install/LineFollower_bringup/share/ament_index/resource_index/packages/LineFollower_bringup
[2.710s] -- Installing: /home/othmene/Line_Follower_Bot/install/LineFollower_bringup/share/LineFollower_bringup/cmake/LineFollower_bringupConfig.cmake
[2.711s] -- Installing: /home/othmene/Line_Follower_Bot/install/LineFollower_bringup/share/LineFollower_bringup/cmake/LineFollower_bringupConfig-version.cmake
[2.711s] -- Installing: /home/othmene/Line_Follower_Bot/install/LineFollower_bringup/share/LineFollower_bringup/package.xml
[2.833s] Invoked command in '/home/othmene/Line_Follower_Bot/build/LineFollower_bringup' returned '0': CMAKE_PREFIX_PATH=${CMAKE_PREFIX_PATH}:/home/othmene/ros2_ws_course3/install/assignment:/home/othmene/ros2_ws_course3/install/actions_py:/home/othmene/ros2_ws_course3/install/lifecycle_py:/home/othmene/ros2_ws_course3/install/executors_py:/home/othmene/ros2_ws_course3/install/components_py:/home/othmene/ros2_ws/install/my_py_pkg:/opt/ros/humble /usr/bin/cmake --install /home/othmene/Line_Follower_Bot/build/LineFollower_bringup
