-- The C compiler identification is GNU 11.4.0
-- The CXX compiler identification is GNU 11.4.0
-- Detecting C compiler ABI info
-- Detecting C compiler ABI info - done
-- Check for working C compiler: /usr/bin/cc - skipped
-- Detecting C compile features
-- Detecting C compile features - done
-- Detecting CXX compiler ABI info
-- Detecting CXX compiler ABI info - done
-- Check for working CXX compiler: /usr/bin/c++ - skipped
-- Detecting CXX compile features
-- Detecting CXX compile features - done
-- Found ament_cmake: 1.3.7 (/opt/ros/humble/share/ament_cmake/cmake)
-- Found Python3: /usr/bin/python3.10 (found version "3.10.12") found components: Interpreter 
WARNING: Package name "LineFollower_description" does not follow the naming conventions. It should start with a lower case letter and only contain lower case letters, digits, underscores, and dashes.
-- Configuring done
-- Generating done
-- Build files have been written to: /home/othmene/Line_Follower_Bot/build/LineFollower_description
-- Install configuration: ""
-- Installing: /home/othmene/Line_Follower_Bot/install/LineFollower_description/share/LineFollower_description//urdf
-- Installing: /home/othmene/Line_Follower_Bot/install/LineFollower_description/share/LineFollower_description//launch
-- Installing: /home/othmene/Line_Follower_Bot/install/LineFollower_description/share/LineFollower_description//rviz
-- Installing: /home/othmene/Line_Follower_Bot/install/LineFollower_description/share/ament_index/resource_index/package_run_dependencies/LineFollower_description
-- Installing: /home/othmene/Line_Follower_Bot/install/LineFollower_description/share/ament_index/resource_index/parent_prefix_path/LineFollower_description
-- Installing: /home/othmene/Line_Follower_Bot/install/LineFollower_description/share/LineFollower_description/environment/ament_prefix_path.sh
-- Installing: /home/othmene/Line_Follower_Bot/install/LineFollower_description/share/LineFollower_description/environment/ament_prefix_path.dsv
-- Installing: /home/othmene/Line_Follower_Bot/install/LineFollower_description/share/LineFollower_description/environment/path.sh
-- Installing: /home/othmene/Line_Follower_Bot/install/LineFollower_description/share/LineFollower_description/environment/path.dsv
-- Installing: /home/othmene/Line_Follower_Bot/install/LineFollower_description/share/LineFollower_description/local_setup.bash
-- Installing: /home/othmene/Line_Follower_Bot/install/LineFollower_description/share/LineFollower_description/local_setup.sh
-- Installing: /home/othmene/Line_Follower_Bot/install/LineFollower_description/share/LineFollower_description/local_setup.zsh
-- Installing: /home/othmene/Line_Follower_Bot/install/LineFollower_description/share/LineFollower_description/local_setup.dsv
-- Installing: /home/othmene/Line_Follower_Bot/install/LineFollower_description/share/LineFollower_description/package.dsv
-- Installing: /home/othmene/Line_Follower_Bot/install/LineFollower_description/share/ament_index/resource_index/packages/LineFollower_description
-- Installing: /home/othmene/Line_Follower_Bot/install/LineFollower_description/share/LineFollower_description/cmake/LineFollower_descriptionConfig.cmake
-- Installing: /home/othmene/Line_Follower_Bot/install/LineFollower_description/share/LineFollower_description/cmake/LineFollower_descriptionConfig-version.cmake
-- Installing: /home/othmene/Line_Follower_Bot/install/LineFollower_description/share/LineFollower_description/package.xml
