[0.804s] Invoking command in '/home/othmene/Line_Follower_Bot/build/linefollower_bringup': CMAKE_PREFIX_PATH=${CMAKE_PREFIX_PATH}:/home/othmene/ros2_ws_course3/install/assignment:/home/othmene/ros2_ws_course3/install/actions_py:/home/othmene/ros2_ws_course3/install/lifecycle_py:/home/othmene/ros2_ws_course3/install/executors_py:/home/othmene/ros2_ws_course3/install/components_py:/home/othmene/ros2_ws/install/my_py_pkg:/opt/ros/humble /usr/bin/cmake --build /home/othmene/Line_Follower_Bot/build/linefollower_bringup -- -j4 -l4
[1.683s] Invoked command in '/home/othmene/Line_Follower_Bot/build/linefollower_bringup' returned '0': CMAKE_PREFIX_PATH=${CMAKE_PREFIX_PATH}:/home/othmene/ros2_ws_course3/install/assignment:/home/othmene/ros2_ws_course3/install/actions_py:/home/othmene/ros2_ws_course3/install/lifecycle_py:/home/othmene/ros2_ws_course3/install/executors_py:/home/othmene/ros2_ws_course3/install/components_py:/home/othmene/ros2_ws/install/my_py_pkg:/opt/ros/humble /usr/bin/cmake --build /home/othmene/Line_Follower_Bot/build/linefollower_bringup -- -j4 -l4
[1.769s] Invoking command in '/home/othmene/Line_Follower_Bot/build/linefollower_bringup': CMAKE_PREFIX_PATH=${CMAKE_PREFIX_PATH}:/home/othmene/ros2_ws_course3/install/assignment:/home/othmene/ros2_ws_course3/install/actions_py:/home/othmene/ros2_ws_course3/install/lifecycle_py:/home/othmene/ros2_ws_course3/install/executors_py:/home/othmene/ros2_ws_course3/install/components_py:/home/othmene/ros2_ws/install/my_py_pkg:/opt/ros/humble /usr/bin/cmake --install /home/othmene/Line_Follower_Bot/build/linefollower_bringup
[1.795s] -- Install configuration: ""
[1.796s] -- Up-to-date: /home/othmene/Line_Follower_Bot/install/linefollower_bringup/share/linefollower_bringup//launch
[1.796s] -- Up-to-date: /home/othmene/Line_Follower_Bot/install/linefollower_bringup/share/linefollower_bringup//rviz
[1.796s] -- Up-to-date: /home/othmene/Line_Follower_Bot/install/linefollower_bringup/share/linefollower_bringup//worlds
[1.796s] -- Up-to-date: /home/othmene/Line_Follower_Bot/install/linefollower_bringup/share/ament_index/resource_index/package_run_dependencies/linefollower_bringup
[1.797s] -- Up-to-date: /home/othmene/Line_Follower_Bot/install/linefollower_bringup/share/ament_index/resource_index/parent_prefix_path/linefollower_bringup
[1.797s] -- Up-to-date: /home/othmene/Line_Follower_Bot/install/linefollower_bringup/share/linefollower_bringup/environment/ament_prefix_path.sh
[1.797s] -- Up-to-date: /home/othmene/Line_Follower_Bot/install/linefollower_bringup/share/linefollower_bringup/environment/ament_prefix_path.dsv
[1.797s] -- Up-to-date: /home/othmene/Line_Follower_Bot/install/linefollower_bringup/share/linefollower_bringup/environment/path.sh
[1.797s] -- Up-to-date: /home/othmene/Line_Follower_Bot/install/linefollower_bringup/share/linefollower_bringup/environment/path.dsv
[1.797s] -- Up-to-date: /home/othmene/Line_Follower_Bot/install/linefollower_bringup/share/linefollower_bringup/local_setup.bash
[1.798s] -- Up-to-date: /home/othmene/Line_Follower_Bot/install/linefollower_bringup/share/linefollower_bringup/local_setup.sh
[1.798s] -- Up-to-date: /home/othmene/Line_Follower_Bot/install/linefollower_bringup/share/linefollower_bringup/local_setup.zsh
[1.798s] -- Up-to-date: /home/othmene/Line_Follower_Bot/install/linefollower_bringup/share/linefollower_bringup/local_setup.dsv
[1.798s] -- Up-to-date: /home/othmene/Line_Follower_Bot/install/linefollower_bringup/share/linefollower_bringup/package.dsv
[1.798s] -- Up-to-date: /home/othmene/Line_Follower_Bot/install/linefollower_bringup/share/ament_index/resource_index/packages/linefollower_bringup
[1.798s] -- Up-to-date: /home/othmene/Line_Follower_Bot/install/linefollower_bringup/share/linefollower_bringup/cmake/linefollower_bringupConfig.cmake
[1.799s] -- Up-to-date: /home/othmene/Line_Follower_Bot/install/linefollower_bringup/share/linefollower_bringup/cmake/linefollower_bringupConfig-version.cmake
[1.799s] -- Up-to-date: /home/othmene/Line_Follower_Bot/install/linefollower_bringup/share/linefollower_bringup/package.xml
[1.919s] Invoked command in '/home/othmene/Line_Follower_Bot/build/linefollower_bringup' returned '0': CMAKE_PREFIX_PATH=${CMAKE_PREFIX_PATH}:/home/othmene/ros2_ws_course3/install/assignment:/home/othmene/ros2_ws_course3/install/actions_py:/home/othmene/ros2_ws_course3/install/lifecycle_py:/home/othmene/ros2_ws_course3/install/executors_py:/home/othmene/ros2_ws_course3/install/components_py:/home/othmene/ros2_ws/install/my_py_pkg:/opt/ros/humble /usr/bin/cmake --install /home/othmene/Line_Follower_Bot/build/linefollower_bringup
