running egg_info
creating ../../build/linefollower_nodes/linefollower_nodes.egg-info
writing ../../build/linefollower_nodes/linefollower_nodes.egg-info/PKG-INFO
writing dependency_links to ../../build/linefollower_nodes/linefollower_nodes.egg-info/dependency_links.txt
writing entry points to ../../build/linefollower_nodes/linefollower_nodes.egg-info/entry_points.txt
writing requirements to ../../build/linefollower_nodes/linefollower_nodes.egg-info/requires.txt
writing top-level names to ../../build/linefollower_nodes/linefollower_nodes.egg-info/top_level.txt
writing manifest file '../../build/linefollower_nodes/linefollower_nodes.egg-info/SOURCES.txt'
reading manifest file '../../build/linefollower_nodes/linefollower_nodes.egg-info/SOURCES.txt'
writing manifest file '../../build/linefollower_nodes/linefollower_nodes.egg-info/SOURCES.txt'
running build
running build_py
creating /home/othmene/Line_Follower_Bot/build/linefollower_nodes/build
creating /home/othmene/Line_Follower_Bot/build/linefollower_nodes/build/lib
creating /home/othmene/Line_Follower_Bot/build/linefollower_nodes/build/lib/linefollower_nodes
copying linefollower_nodes/__init__.py -> /home/othmene/Line_Follower_Bot/build/linefollower_nodes/build/lib/linefollower_nodes
running install
running install_lib
creating /home/othmene/Line_Follower_Bot/install/linefollower_nodes/lib/python3.10/site-packages/linefollower_nodes
copying /home/othmene/Line_Follower_Bot/build/linefollower_nodes/build/lib/linefollower_nodes/__init__.py -> /home/othmene/Line_Follower_Bot/install/linefollower_nodes/lib/python3.10/site-packages/linefollower_nodes
byte-compiling /home/othmene/Line_Follower_Bot/install/linefollower_nodes/lib/python3.10/site-packages/linefollower_nodes/__init__.py to __init__.cpython-310.pyc
running install_data
copying resource/linefollower_nodes -> /home/othmene/Line_Follower_Bot/install/linefollower_nodes/share/ament_index/resource_index/packages
copying package.xml -> /home/othmene/Line_Follower_Bot/install/linefollower_nodes/share/linefollower_nodes
running install_egg_info
Copying ../../build/linefollower_nodes/linefollower_nodes.egg-info to /home/othmene/Line_Follower_Bot/install/linefollower_nodes/lib/python3.10/site-packages/linefollower_nodes-0.0.0-py3.10.egg-info
running install_scripts
writing list of installed files to '/home/othmene/Line_Follower_Bot/build/linefollower_nodes/install.log'
