[1.853s] Invoking command in '/home/othmene/Line_Follower_Bot/src/linefollower_nodes': PYTHONPATH=/home/othmene/Line_Follower_Bot/build/linefollower_nodes/prefix_override:/home/othmene/Line_Follower_Bot/install/linefollower_nodes/lib/python3.10/site-packages:${PYTHONPATH} /usr/bin/python3 setup.py egg_info --egg-base ../../build/linefollower_nodes build --build-base /home/othmene/Line_Follower_Bot/build/linefollower_nodes/build install --record /home/othmene/Line_Follower_Bot/build/linefollower_nodes/install.log --single-version-externally-managed
[2.379s] running egg_info
[2.380s] creating ../../build/linefollower_nodes/linefollower_nodes.egg-info
[2.380s] writing ../../build/linefollower_nodes/linefollower_nodes.egg-info/PKG-INFO
[2.381s] writing dependency_links to ../../build/linefollower_nodes/linefollower_nodes.egg-info/dependency_links.txt
[2.381s] writing entry points to ../../build/linefollower_nodes/linefollower_nodes.egg-info/entry_points.txt
[2.381s] writing requirements to ../../build/linefollower_nodes/linefollower_nodes.egg-info/requires.txt
[2.381s] writing top-level names to ../../build/linefollower_nodes/linefollower_nodes.egg-info/top_level.txt
[2.382s] writing manifest file '../../build/linefollower_nodes/linefollower_nodes.egg-info/SOURCES.txt'
[2.384s] reading manifest file '../../build/linefollower_nodes/linefollower_nodes.egg-info/SOURCES.txt'
[2.386s] writing manifest file '../../build/linefollower_nodes/linefollower_nodes.egg-info/SOURCES.txt'
[2.386s] running build
[2.386s] running build_py
[2.386s] creating /home/othmene/Line_Follower_Bot/build/linefollower_nodes/build
[2.387s] creating /home/othmene/Line_Follower_Bot/build/linefollower_nodes/build/lib
[2.387s] creating /home/othmene/Line_Follower_Bot/build/linefollower_nodes/build/lib/linefollower_nodes
[2.387s] copying linefollower_nodes/__init__.py -> /home/othmene/Line_Follower_Bot/build/linefollower_nodes/build/lib/linefollower_nodes
[2.387s] running install
[2.388s] running install_lib
[2.389s] creating /home/othmene/Line_Follower_Bot/install/linefollower_nodes/lib/python3.10/site-packages/linefollower_nodes
[2.389s] copying /home/othmene/Line_Follower_Bot/build/linefollower_nodes/build/lib/linefollower_nodes/__init__.py -> /home/othmene/Line_Follower_Bot/install/linefollower_nodes/lib/python3.10/site-packages/linefollower_nodes
[2.391s] byte-compiling /home/othmene/Line_Follower_Bot/install/linefollower_nodes/lib/python3.10/site-packages/linefollower_nodes/__init__.py to __init__.cpython-310.pyc
[2.391s] running install_data
[2.392s] copying resource/linefollower_nodes -> /home/othmene/Line_Follower_Bot/install/linefollower_nodes/share/ament_index/resource_index/packages
[2.393s] copying package.xml -> /home/othmene/Line_Follower_Bot/install/linefollower_nodes/share/linefollower_nodes
[2.393s] running install_egg_info
[2.396s] Copying ../../build/linefollower_nodes/linefollower_nodes.egg-info to /home/othmene/Line_Follower_Bot/install/linefollower_nodes/lib/python3.10/site-packages/linefollower_nodes-0.0.0-py3.10.egg-info
[2.401s] running install_scripts
[2.437s] writing list of installed files to '/home/othmene/Line_Follower_Bot/build/linefollower_nodes/install.log'
[2.555s] Invoked command in '/home/othmene/Line_Follower_Bot/src/linefollower_nodes' returned '0': PYTHONPATH=/home/othmene/Line_Follower_Bot/build/linefollower_nodes/prefix_override:/home/othmene/Line_Follower_Bot/install/linefollower_nodes/lib/python3.10/site-packages:${PYTHONPATH} /usr/bin/python3 setup.py egg_info --egg-base ../../build/linefollower_nodes build --build-base /home/othmene/Line_Follower_Bot/build/linefollower_nodes/build install --record /home/othmene/Line_Follower_Bot/build/linefollower_nodes/install.log --single-version-externally-managed
