running egg_info
creating ../../build/LineFollower_nodes/LineFollower_nodes.egg-info
writing ../../build/LineFollower_nodes/LineFollower_nodes.egg-info/PKG-INFO
writing dependency_links to ../../build/LineFollower_nodes/LineFollower_nodes.egg-info/dependency_links.txt
writing entry points to ../../build/LineFollower_nodes/LineFollower_nodes.egg-info/entry_points.txt
writing requirements to ../../build/LineFollower_nodes/LineFollower_nodes.egg-info/requires.txt
writing top-level names to ../../build/LineFollower_nodes/LineFollower_nodes.egg-info/top_level.txt
writing manifest file '../../build/LineFollower_nodes/LineFollower_nodes.egg-info/SOURCES.txt'
reading manifest file '../../build/LineFollower_nodes/LineFollower_nodes.egg-info/SOURCES.txt'
writing manifest file '../../build/LineFollower_nodes/LineFollower_nodes.egg-info/SOURCES.txt'
running build
running build_py
creating /home/othmene/Line_Follower_Bot/build/LineFollower_nodes/build
creating /home/othmene/Line_Follower_Bot/build/LineFollower_nodes/build/lib
creating /home/othmene/Line_Follower_Bot/build/LineFollower_nodes/build/lib/LineFollower_nodes
copying LineFollower_nodes/__init__.py -> /home/othmene/Line_Follower_Bot/build/LineFollower_nodes/build/lib/LineFollower_nodes
running install
running install_lib
creating /home/othmene/Line_Follower_Bot/install/LineFollower_nodes/lib/python3.10/site-packages/LineFollower_nodes
copying /home/othmene/Line_Follower_Bot/build/LineFollower_nodes/build/lib/LineFollower_nodes/__init__.py -> /home/othmene/Line_Follower_Bot/install/LineFollower_nodes/lib/python3.10/site-packages/LineFollower_nodes
byte-compiling /home/othmene/Line_Follower_Bot/install/LineFollower_nodes/lib/python3.10/site-packages/LineFollower_nodes/__init__.py to __init__.cpython-310.pyc
running install_data
creating /home/othmene/Line_Follower_Bot/install/LineFollower_nodes/share/ament_index
creating /home/othmene/Line_Follower_Bot/install/LineFollower_nodes/share/ament_index/resource_index
creating /home/othmene/Line_Follower_Bot/install/LineFollower_nodes/share/ament_index/resource_index/packages
copying resource/LineFollower_nodes -> /home/othmene/Line_Follower_Bot/install/LineFollower_nodes/share/ament_index/resource_index/packages
copying package.xml -> /home/othmene/Line_Follower_Bot/install/LineFollower_nodes/share/LineFollower_nodes
running install_egg_info
Copying ../../build/LineFollower_nodes/LineFollower_nodes.egg-info to /home/othmene/Line_Follower_Bot/install/LineFollower_nodes/lib/python3.10/site-packages/LineFollower_nodes-0.0.0-py3.10.egg-info
running install_scripts
writing list of installed files to '/home/othmene/Line_Follower_Bot/build/LineFollower_nodes/install.log'
